Using pre-set license
Built from '2020.3/staging' branch; Version is '2020.3.8f1 (507919d4fff5) revision 5273881'; Using compiler version '192528614'; Build Type 'Release'
OS: 'Windows 10 Home; OS build 22621.1555; Version 2009; 64bit' Language: 'zh' Physical Memory: 15724 MB
BatchMode: 1, IsHumanControllingUs: 0, StartBugReporterOnCrash: 0, Is64bit: 1, IsPro: 0

 COMMAND LINE ARGUMENTS:
C:\Program Files\Unity\Hub\Editor\2020.3.8f1\Editor\Unity.exe
-adb2
-batchMode
-noUpm
-name
AssetImportWorker0
-projectPath
D:/Jiugongge
-logFile
Logs/AssetImportWorker0.log
-srvPort
57873
Successfully changed project path to: D:/Jiugongge
D:/Jiugongge
Using Asset Import Pipeline V2.
Refreshing native plugins compatible for Editor in 18.07 ms, found 0 plugins.
Preloading 0 native plugins for Editor in 0.00 ms.
Initialize engine version: 2020.3.8f1 (507919d4fff5)
[Subsystems] Discovering subsystems at path C:/Program Files/Unity/Hub/Editor/2020.3.8f1/Editor/Data/Resources/UnitySubsystems
[Subsystems] Discovering subsystems at path D:/Jiugongge/Assets
GfxDevice: creating device client; threaded=0
Direct3D:
    Version:  Direct3D 11.0 [level 11.1]
    Renderer: NVIDIA GeForce RTX 3050 Laptop GPU (ID=0x25a2)
    Vendor:   
    VRAM:     3991 MB
    Driver:   30.0.15.1274
Initialize mono
Mono path[0] = 'C:/Program Files/Unity/Hub/Editor/2020.3.8f1/Editor/Data/Managed'
Mono path[1] = 'C:/Program Files/Unity/Hub/Editor/2020.3.8f1/Editor/Data/MonoBleedingEdge/lib/mono/unityjit'
Mono config path = 'C:/Program Files/Unity/Hub/Editor/2020.3.8f1/Editor/Data/MonoBleedingEdge/etc'
Using monoOptions --debugger-agent=transport=dt_socket,embedding=1,server=y,suspend=n,address=127.0.0.1:56836
Begin MonoManager ReloadAssembly
Registering precompiled unity dll's ...
Register platform support module: C:/Program Files/Unity/Hub/Editor/2020.3.8f1/Editor/Data/PlaybackEngines/WindowsStandaloneSupport/UnityEditor.WindowsStandalone.Extensions.dll
Registered in 0.001121 seconds.
Native extension for WindowsStandalone target not found
Refreshing native plugins compatible for Editor in 19.79 ms, found 0 plugins.
Preloading 0 native plugins for Editor in 0.00 ms.
Mono: successfully reloaded assembly
- Completed reload, in  0.818 seconds
Platform modules already initialized, skipping
Registering precompiled user dll's ...
Registered in 0.000496 seconds.
Begin MonoManager ReloadAssembly
Native extension for WindowsStandalone target not found
Refreshing native plugins compatible for Editor in 0.30 ms, found 0 plugins.
Preloading 0 native plugins for Editor in 0.00 ms.
Mono: successfully reloaded assembly
- Completed reload, in  0.691 seconds
Platform modules already initialized, skipping
========================================================================
Worker process is ready to serve import requests
Launched and connected shader compiler UnityShaderCompiler.exe after 0.05 seconds
Refreshing native plugins compatible for Editor in 0.31 ms, found 0 plugins.
Preloading 0 native plugins for Editor in 0.00 ms.
Unloading 1164 Unused Serialized files (Serialized files now loaded: 0)
System memory in use before: 60.5 MB.
System memory in use after: 60.5 MB.

Unloading 10 unused Assets to reduce memory usage. Loaded Objects now: 1607.
Total: 2.269400 ms (FindLiveObjects: 0.194600 ms CreateObjectMapping: 0.033400 ms MarkObjects: 1.937200 ms  DeleteObjects: 0.102600 ms)

========================================================================
Received Import Request.
  path: Assets/main.cs
  artifactKey: Guid(b41c231f23cfb3f41ad1b5afbf268c84) Importer(815301076,1909f56bfc062723c751e8b465ee728b)
Start importing Assets/main.cs using Guid(b41c231f23cfb3f41ad1b5afbf268c84) Importer(815301076,1909f56bfc062723c751e8b465ee728b)  -> (artifact id: 'e11006503d4a8d7946a1631a56da621d') in 0.041470 seconds
  Import took 0.044206 seconds .

========================================================================
Received Import Request.
  Time since last request: 16.522621 seconds.
  path: Assets/main.cs
  artifactKey: Guid(b41c231f23cfb3f41ad1b5afbf268c84) Importer(815301076,1909f56bfc062723c751e8b465ee728b)
Start importing Assets/main.cs using Guid(b41c231f23cfb3f41ad1b5afbf268c84) Importer(815301076,1909f56bfc062723c751e8b465ee728b)  -> (artifact id: '0ff61c321cbdaf664b5115d7101dba75') in 0.001831 seconds
  Import took 0.004218 seconds .

========================================================================
Received Prepare
Registering precompiled user dll's ...
Registered in 0.000454 seconds.
Begin MonoManager ReloadAssembly
Native extension for WindowsStandalone target not found
Refreshing native plugins compatible for Editor in 0.29 ms, found 0 plugins.
Preloading 0 native plugins for Editor in 0.00 ms.
Mono: successfully reloaded assembly
- Completed reload, in  0.586 seconds
Platform modules already initialized, skipping
Refreshing native plugins compatible for Editor in 0.33 ms, found 0 plugins.
Preloading 0 native plugins for Editor in 0.00 ms.
Unloading 1146 Unused Serialized files (Serialized files now loaded: 0)
System memory in use before: 59.1 MB.
System memory in use after: 59.2 MB.

Unloading 5 unused Assets to reduce memory usage. Loaded Objects now: 1610.
Total: 2.031800 ms (FindLiveObjects: 0.254800 ms CreateObjectMapping: 0.041900 ms MarkObjects: 1.639200 ms  DeleteObjects: 0.094500 ms)

========================================================================
Received Prepare
Refreshing native plugins compatible for Editor in 5.42 ms, found 0 plugins.
Preloading 0 native plugins for Editor in 0.00 ms.
Unloading 3 Unused Serialized files (Serialized files now loaded: 0)
System memory in use before: 36.5 MB.
System memory in use after: 36.6 MB.

Unloading 3 unused Assets to reduce memory usage. Loaded Objects now: 1610.
Total: 2.208000 ms (FindLiveObjects: 0.187800 ms CreateObjectMapping: 0.027700 ms MarkObjects: 1.923600 ms  DeleteObjects: 0.068000 ms)

AssetImportWorkerClient::OnTransportError - code=2 error=End of file
